[2024-05-24 08:58:18] [ always  ] Spawning background process: c:/xampp/php/php.exe "C:/xampp/htdocs/cacti/install/background.php" 1716515898.809
[2024-05-24 08:58:19] [ always  ] Setting PHP Option max_execution_time = 0
[2024-05-24 08:58:19] [ always  ] Setting PHP Option memory_limit = -1
[2024-05-24 08:58:20] [ always  ] Starting INSTALL Process for v1.2.27
[2024-05-24 08:58:20] [ always  ] No tables where found or selected for conversion
[2024-05-24 08:58:20] [ always  ] Found 13 templates to install
[2024-05-24 08:58:20] [ always  ] About to import Package #1 'Apache_Webserver.xml.gz'.
[2024-05-24 08:58:23] [ always  ] Import of Package #1 'Apache_Webserver.xml.gz' under Profile '3' succeeded
[2024-05-24 08:58:23] [ always  ] About to import Package #2 'Cacti_Stats.xml.gz'.
[2024-05-24 08:58:33] [ always  ] Import of Package #2 'Cacti_Stats.xml.gz' under Profile '3' succeeded
[2024-05-24 08:58:33] [ always  ] About to import Package #3 'Cisco_Router.xml.gz'.
[2024-05-24 08:58:43] [ always  ] Import of Package #3 'Cisco_Router.xml.gz' under Profile '3' succeeded
[2024-05-24 08:58:43] [ always  ] About to import Package #4 'ESXi_Device.xml.gz'.
[2024-05-24 08:58:52] [ always  ] Import of Package #4 'ESXi_Device.xml.gz' under Profile '3' succeeded
[2024-05-24 08:58:52] [ always  ] About to import Package #5 'Fortigate.xml.gz'.
[2024-05-24 08:59:02] [ always  ] Import of Package #5 'Fortigate.xml.gz' under Profile '3' succeeded
[2024-05-24 08:59:02] [ always  ] About to import Package #6 'Generic_SNMP_Device.xml.gz'.
[2024-05-24 08:59:09] [ always  ] Import of Package #6 'Generic_SNMP_Device.xml.gz' under Profile '3' succeeded
[2024-05-24 08:59:09] [ always  ] About to import Package #7 'Local_Linux_Machine.xml.gz'.
[2024-05-24 08:59:11] [ always  ] Import of Package #7 'Local_Linux_Machine.xml.gz' under Profile '3' succeeded
[2024-05-24 08:59:11] [ always  ] About to import Package #8 'NetSNMP_Device.xml.gz'.
[2024-05-24 08:59:25] [ always  ] Import of Package #8 'NetSNMP_Device.xml.gz' under Profile '3' succeeded
[2024-05-24 08:59:25] [ always  ] About to import Package #9 'PING_Advanced_Ping.xml.gz'.
[2024-05-24 08:59:27] [ always  ] Import of Package #9 'PING_Advanced_Ping.xml.gz' under Profile '3' succeeded
[2024-05-24 08:59:27] [ always  ] About to import Package #10 'SNMP_Printer.xml.gz'.
[2024-05-24 08:59:34] [ always  ] Import of Package #10 'SNMP_Printer.xml.gz' under Profile '3' succeeded
[2024-05-24 08:59:34] [ always  ] About to import Package #11 'SNMP_UPS.xml.gz'.
[2024-05-24 08:59:37] [ always  ] Import of Package #11 'SNMP_UPS.xml.gz' under Profile '3' succeeded
[2024-05-24 08:59:37] [ always  ] About to import Package #12 'Synology_NAS.xml.gz'.
[2024-05-24 08:59:54] [ always  ] Import of Package #12 'Synology_NAS.xml.gz' under Profile '3' succeeded
[2024-05-24 08:59:54] [ always  ] About to import Package #13 'Windows_Device.xml.gz'.
[2024-05-24 09:00:01] [ always  ] Import of Package #13 'Windows_Device.xml.gz' under Profile '3' succeeded
[2024-05-24 09:00:02] [ always  ] Repairing Automation Rules
[2024-05-24 09:00:02] [ always  ] Mapping Automation Template for Device Template 'Net-SNMP Device'
[2024-05-24 09:00:02] [ always  ] Mapping Automation Template for Device Template 'Windows Device'
[2024-05-24 09:00:02] [ always  ] Mapping Automation Template for Device Template 'Cisco Router'
[2024-05-24 09:00:02] [ always  ] Updating automation network (1), mode "on" => "on", subnet "192.168.1.0/24" => 192.168.1.0/24"
[2024-05-24 09:00:02] [ always  ] Device Template for First Cacti Device is 12
[2024-05-24 09:00:16] [ always  ] Creating Graphs for Default Device
[2024-05-24 09:00:16] [ always  ] Adding Device to Default Tree
[2024-05-24 09:00:16] [ always  ] Repopulating poller cache
[2024-05-24 09:00:16] [ always  ] Repopulating SNMP Agent cache
[2024-05-24 09:00:16] [ always  ] Generating RSA Key Pair
[2024-05-24 09:00:17] [ always  ] Finished INSTALL Process for v1.2.27
[2024-05-24 09:00:17] [ always  ] Installation was started at 2024-05-24 01:58:19, completed at 2024-05-24 02:00:17
[2024-05-29 11:27:08] [ always  ] Spawning background process: c:/xampp/php/php.exe "C:/xampp/htdocs/cacti/install/background.php" 1716956828.7833
[2024-05-29 11:27:09] [ always  ] Setting PHP Option max_execution_time = 0
[2024-05-29 11:27:09] [ always  ] Setting PHP Option memory_limit = -1
[2024-05-29 11:27:10] [ always  ] Starting INSTALL Process for v1.2.27
[2024-05-29 11:27:10] [ always  ] No tables where found or selected for conversion
[2024-05-29 11:27:10] [ always  ] Found 13 templates to install
[2024-05-29 11:27:10] [ always  ] About to import Package #1 'Apache_Webserver.xml.gz'.
[2024-05-29 11:27:13] [ always  ] Import of Package #1 'Apache_Webserver.xml.gz' under Profile '3' succeeded
[2024-05-29 11:27:13] [ always  ] About to import Package #2 'Cacti_Stats.xml.gz'.
[2024-05-29 11:27:23] [ always  ] Import of Package #2 'Cacti_Stats.xml.gz' under Profile '3' succeeded
[2024-05-29 11:27:23] [ always  ] About to import Package #3 'Cisco_Router.xml.gz'.
[2024-05-29 11:27:32] [ always  ] Import of Package #3 'Cisco_Router.xml.gz' under Profile '3' succeeded
[2024-05-29 11:27:32] [ always  ] About to import Package #4 'ESXi_Device.xml.gz'.
[2024-05-29 11:27:41] [ always  ] Import of Package #4 'ESXi_Device.xml.gz' under Profile '3' succeeded
[2024-05-29 11:27:41] [ always  ] About to import Package #5 'Fortigate.xml.gz'.
[2024-05-29 11:27:50] [ always  ] Import of Package #5 'Fortigate.xml.gz' under Profile '3' succeeded
[2024-05-29 11:27:50] [ always  ] About to import Package #6 'Generic_SNMP_Device.xml.gz'.
[2024-05-29 11:27:57] [ always  ] Import of Package #6 'Generic_SNMP_Device.xml.gz' under Profile '3' succeeded
[2024-05-29 11:27:57] [ always  ] About to import Package #7 'Local_Linux_Machine.xml.gz'.
[2024-05-29 11:27:59] [ always  ] Import of Package #7 'Local_Linux_Machine.xml.gz' under Profile '3' succeeded
[2024-05-29 11:27:59] [ always  ] About to import Package #8 'NetSNMP_Device.xml.gz'.
[2024-05-29 11:28:13] [ always  ] Import of Package #8 'NetSNMP_Device.xml.gz' under Profile '3' succeeded
[2024-05-29 11:28:13] [ always  ] About to import Package #9 'PING_Advanced_Ping.xml.gz'.
[2024-05-29 11:28:15] [ always  ] Import of Package #9 'PING_Advanced_Ping.xml.gz' under Profile '3' succeeded
[2024-05-29 11:28:15] [ always  ] About to import Package #10 'SNMP_Printer.xml.gz'.
[2024-05-29 11:28:21] [ always  ] Import of Package #10 'SNMP_Printer.xml.gz' under Profile '3' succeeded
[2024-05-29 11:28:21] [ always  ] About to import Package #11 'SNMP_UPS.xml.gz'.
[2024-05-29 11:28:25] [ always  ] Import of Package #11 'SNMP_UPS.xml.gz' under Profile '3' succeeded
[2024-05-29 11:28:25] [ always  ] About to import Package #12 'Synology_NAS.xml.gz'.
[2024-05-29 11:28:40] [ always  ] Import of Package #12 'Synology_NAS.xml.gz' under Profile '3' succeeded
[2024-05-29 11:28:40] [ always  ] About to import Package #13 'Windows_Device.xml.gz'.
[2024-05-29 11:28:48] [ always  ] Import of Package #13 'Windows_Device.xml.gz' under Profile '3' succeeded
[2024-05-29 11:28:48] [ always  ] Repairing Automation Rules
[2024-05-29 11:28:48] [ always  ] Mapping Automation Template for Device Template 'Net-SNMP Device'
[2024-05-29 11:28:48] [ always  ] Mapping Automation Template for Device Template 'Windows Device'
[2024-05-29 11:28:48] [ always  ] Mapping Automation Template for Device Template 'Cisco Router'
[2024-05-29 11:28:48] [ always  ] Updating automation network (1), mode "on" => "on", subnet "192.168.1.0/24" => 192.168.1.0/24"
[2024-05-29 11:28:48] [ always  ] Adding extra snmp settings for automation
[2024-05-29 11:28:48] [ always  ] Selecting Automation Option Set 1
[2024-05-29 11:28:48] [ always  ] Updating Automation Option Set 1
[2024-05-29 11:28:48] [ always  ] Successfully updated Automation Option Set 1
[2024-05-29 11:28:48] [ always  ] Resequencing Automation Option Set 1
[2024-05-29 11:28:48] [ always  ] Device Template for First Cacti Device is 12
[2024-05-29 11:29:02] [ always  ] Creating Graphs for Default Device
[2024-05-29 11:29:02] [ always  ] Adding Device to Default Tree
[2024-05-29 11:29:02] [ always  ] Repopulating poller cache
[2024-05-29 11:29:02] [ always  ] Repopulating SNMP Agent cache
[2024-05-29 11:29:03] [ always  ] Generating RSA Key Pair
[2024-05-29 11:29:03] [ always  ] Finished INSTALL Process for v1.2.27
[2024-05-29 11:29:03] [ always  ] Installation was started at 2024-05-29 04:27:09, completed at 2024-05-29 04:29:03
