[2024-05-24 08:56:46] [       templates always  ] getDefaultTemplate(): Default Device Template is ''
[2024-05-24 08:56:46] [       templates always  ] getDefaultTemplate(): Default Device Template is ''
[2024-05-24 08:56:46] [       templates always  ] getDefaultTemplate(): Default Device Template is ''
[2024-05-24 08:56:46] [       templates always  ] getDefaultTemplate(): Default Device Template is ''
[2024-05-24 08:56:46] [       templates always  ] getDefaultTemplate(): Default Device Template is ''
[2024-05-24 08:56:46] [       templates always  ] getDefaultTemplate(): Default Device Template is ''
[2024-05-24 08:56:46] [        template always  ] setDefaultTemplate(): Device default template is ''
[2024-05-24 08:56:49] [       templates always  ] getDefaultTemplate(): Default Device Template is ''
[2024-05-24 08:56:49] [       templates always  ] getDefaultTemplate(): Default Device Template is ''
[2024-05-24 08:56:49] [       templates always  ] getDefaultTemplate(): Default Device Template is ''
[2024-05-24 08:56:49] [       templates always  ] getDefaultTemplate(): Default Device Template is ''
[2024-05-24 08:56:49] [       templates always  ] getDefaultTemplate(): Default Device Template is ''
[2024-05-24 08:56:49] [       templates always  ] getDefaultTemplate(): Default Device Template is ''
[2024-05-24 08:56:49] [        template always  ] setDefaultTemplate(): Device default template is ''
[2024-05-24 08:56:51] [       templates always  ] getDefaultTemplate(): Default Device Template is ''
[2024-05-24 08:56:51] [       templates always  ] getDefaultTemplate(): Default Device Template is ''
[2024-05-24 08:56:51] [       templates always  ] getDefaultTemplate(): Default Device Template is ''
[2024-05-24 08:56:51] [       templates always  ] getDefaultTemplate(): Default Device Template is ''
[2024-05-24 08:56:51] [       templates always  ] getDefaultTemplate(): Default Device Template is ''
[2024-05-24 08:56:51] [       templates always  ] getDefaultTemplate(): Default Device Template is ''
[2024-05-24 08:56:51] [        template always  ] setDefaultTemplate(): Device default template is ''
[2024-05-24 08:56:55] [       templates always  ] getDefaultTemplate(): Default Device Template is ''
[2024-05-24 08:56:55] [       templates always  ] getDefaultTemplate(): Default Device Template is ''
[2024-05-24 08:56:55] [       templates always  ] getDefaultTemplate(): Default Device Template is ''
[2024-05-24 08:56:55] [       templates always  ] getDefaultTemplate(): Default Device Template is ''
[2024-05-24 08:56:55] [       templates always  ] getDefaultTemplate(): Default Device Template is ''
[2024-05-24 08:56:55] [       templates always  ] getDefaultTemplate(): Default Device Template is ''
[2024-05-24 08:56:55] [        template always  ] setDefaultTemplate(): Device default template is ''
[2024-05-24 08:56:59] [       templates always  ] getDefaultTemplate(): Default Device Template is ''
[2024-05-24 08:56:59] [       templates always  ] getDefaultTemplate(): Default Device Template is ''
[2024-05-24 08:56:59] [       templates always  ] getDefaultTemplate(): Default Device Template is ''
[2024-05-24 08:56:59] [       templates always  ] getDefaultTemplate(): Default Device Template is ''
[2024-05-24 08:56:59] [       templates always  ] getDefaultTemplate(): Default Device Template is ''
[2024-05-24 08:56:59] [       templates always  ] getDefaultTemplate(): Default Device Template is ''
[2024-05-24 08:56:59] [        template always  ] setDefaultTemplate(): Device default template is ''
[2024-05-24 08:57:04] [       templates always  ] getDefaultTemplate(): Default Device Template is ''
[2024-05-24 08:57:04] [       templates always  ] getDefaultTemplate(): Default Device Template is ''
[2024-05-24 08:57:04] [       templates always  ] getDefaultTemplate(): Default Device Template is ''
[2024-05-24 08:57:04] [       templates always  ] getDefaultTemplate(): Default Device Template is ''
[2024-05-24 08:57:04] [       templates always  ] getDefaultTemplate(): Default Device Template is ''
[2024-05-24 08:57:04] [       templates always  ] getDefaultTemplate(): Default Device Template is ''
[2024-05-24 08:57:04] [        template always  ] setDefaultTemplate(): Device default template is ''
[2024-05-24 08:57:09] [       templates always  ] getDefaultTemplate(): Default Device Template is ''
[2024-05-24 08:57:09] [       templates always  ] getDefaultTemplate(): Default Device Template is ''
[2024-05-24 08:57:09] [       templates always  ] getDefaultTemplate(): Default Device Template is ''
[2024-05-24 08:57:09] [       templates always  ] getDefaultTemplate(): Default Device Template is ''
[2024-05-24 08:57:09] [       templates always  ] getDefaultTemplate(): Default Device Template is ''
[2024-05-24 08:57:09] [       templates always  ] getDefaultTemplate(): Default Device Template is ''
[2024-05-24 08:57:09] [        template always  ] setDefaultTemplate(): Device default template is ''
[2024-05-24 08:57:13] [       templates always  ] getDefaultTemplate(): Default Device Template is ''
[2024-05-24 08:57:13] [       templates always  ] getDefaultTemplate(): Default Device Template is ''
[2024-05-24 08:57:13] [       templates always  ] getDefaultTemplate(): Default Device Template is ''
[2024-05-24 08:57:13] [       templates always  ] getDefaultTemplate(): Default Device Template is ''
[2024-05-24 08:57:13] [       templates always  ] getDefaultTemplate(): Default Device Template is ''
[2024-05-24 08:57:13] [       templates always  ] getDefaultTemplate(): Default Device Template is ''
[2024-05-24 08:57:13] [        template always  ] setDefaultTemplate(): Device default template is ''
[2024-05-24 08:57:26] [       templates always  ] getDefaultTemplate(): Default Device Template is ''
[2024-05-24 08:57:26] [       templates always  ] getDefaultTemplate(): Default Device Template is ''
[2024-05-24 08:57:26] [       templates always  ] getDefaultTemplate(): Default Device Template is ''
[2024-05-24 08:57:26] [       templates always  ] getDefaultTemplate(): Default Device Template is ''
[2024-05-24 08:57:26] [       templates always  ] getDefaultTemplate(): Default Device Template is ''
[2024-05-24 08:57:26] [       templates always  ] getDefaultTemplate(): Default Device Template is ''
[2024-05-24 08:57:26] [        template always  ] setDefaultTemplate(): Device default template is ''
[2024-05-24 08:58:11] [       templates always  ] getDefaultTemplate(): Default Device Template is ''
[2024-05-24 08:58:11] [       templates always  ] getDefaultTemplate(): Default Device Template is ''
[2024-05-24 08:58:11] [       templates always  ] getDefaultTemplate(): Default Device Template is ''
[2024-05-24 08:58:11] [       templates always  ] getDefaultTemplate(): Default Device Template is ''
[2024-05-24 08:58:11] [       templates always  ] getDefaultTemplate(): Default Device Template is ''
[2024-05-24 08:58:11] [       templates always  ] getDefaultTemplate(): Default Device Template is ''
[2024-05-24 08:58:11] [        template always  ] setDefaultTemplate(): Device default template is ''
[2024-05-24 08:58:14] [       templates always  ] getDefaultTemplate(): Default Device Template is ''
[2024-05-24 08:58:15] [       templates always  ] getDefaultTemplate(): Default Device Template is ''
[2024-05-24 08:58:15] [       templates always  ] getDefaultTemplate(): Default Device Template is ''
[2024-05-24 08:58:15] [       templates always  ] getDefaultTemplate(): Default Device Template is ''
[2024-05-24 08:58:15] [       templates always  ] getDefaultTemplate(): Default Device Template is ''
[2024-05-24 08:58:15] [       templates always  ] getDefaultTemplate(): Default Device Template is ''
[2024-05-24 08:58:15] [        template always  ] setDefaultTemplate(): Device default template is ''
[2024-05-24 08:58:18] [       templates always  ] getDefaultTemplate(): Default Device Template is ''
[2024-05-24 08:58:18] [       templates always  ] getDefaultTemplate(): Default Device Template is ''
[2024-05-24 08:58:18] [       templates always  ] getDefaultTemplate(): Default Device Template is ''
[2024-05-24 08:58:18] [       templates always  ] getDefaultTemplate(): Default Device Template is ''
[2024-05-24 08:58:18] [       templates always  ] getDefaultTemplate(): Default Device Template is ''
[2024-05-24 08:58:18] [       templates always  ] getDefaultTemplate(): Default Device Template is ''
[2024-05-24 08:58:18] [        template always  ] setDefaultTemplate(): Device default template is ''
[2024-05-24 08:58:18] [          global always  ] Spawning background process: c:/xampp/php/php.exe "C:/xampp/htdocs/cacti/install/background.php" 1716515898.809
[2024-05-24 08:58:19] [          global always  ] Setting PHP Option max_execution_time = 0
[2024-05-24 08:58:19] [          global always  ] Setting PHP Option memory_limit = -1
[2024-05-24 08:58:19] [       templates always  ] getDefaultTemplate(): Default Device Template is ''
[2024-05-24 08:58:19] [       templates always  ] getDefaultTemplate(): Default Device Template is ''
[2024-05-24 08:58:19] [       templates always  ] getDefaultTemplate(): Default Device Template is ''
[2024-05-24 08:58:19] [       templates always  ] getDefaultTemplate(): Default Device Template is ''
[2024-05-24 08:58:19] [       templates always  ] getDefaultTemplate(): Default Device Template is ''
[2024-05-24 08:58:19] [       templates always  ] getDefaultTemplate(): Default Device Template is ''
[2024-05-24 08:58:20] [        template always  ] setDefaultTemplate(): Device default template is ''
[2024-05-24 08:58:20] [          global always  ] Starting INSTALL Process for v1.2.27
[2024-05-24 08:58:20] [          global always  ] No tables where found or selected for conversion
[2024-05-24 08:58:20] [          global always  ] Found 13 templates to install
[2024-05-24 08:58:20] [          global always  ] About to import Package #1 'Apache_Webserver.xml.gz'.
[2024-05-24 08:58:23] [          global always  ] Import of Package #1 'Apache_Webserver.xml.gz' under Profile '3' succeeded
[2024-05-24 08:58:23] [          global always  ] About to import Package #2 'Cacti_Stats.xml.gz'.
[2024-05-24 08:58:33] [          global always  ] Import of Package #2 'Cacti_Stats.xml.gz' under Profile '3' succeeded
[2024-05-24 08:58:33] [          global always  ] About to import Package #3 'Cisco_Router.xml.gz'.
[2024-05-24 08:58:43] [          global always  ] Import of Package #3 'Cisco_Router.xml.gz' under Profile '3' succeeded
[2024-05-24 08:58:43] [          global always  ] About to import Package #4 'ESXi_Device.xml.gz'.
[2024-05-24 08:58:52] [          global always  ] Import of Package #4 'ESXi_Device.xml.gz' under Profile '3' succeeded
[2024-05-24 08:58:52] [          global always  ] About to import Package #5 'Fortigate.xml.gz'.
[2024-05-24 08:59:02] [          global always  ] Import of Package #5 'Fortigate.xml.gz' under Profile '3' succeeded
[2024-05-24 08:59:02] [          global always  ] About to import Package #6 'Generic_SNMP_Device.xml.gz'.
[2024-05-24 08:59:09] [          global always  ] Import of Package #6 'Generic_SNMP_Device.xml.gz' under Profile '3' succeeded
[2024-05-24 08:59:09] [          global always  ] About to import Package #7 'Local_Linux_Machine.xml.gz'.
[2024-05-24 08:59:11] [          global always  ] Import of Package #7 'Local_Linux_Machine.xml.gz' under Profile '3' succeeded
[2024-05-24 08:59:11] [          global always  ] About to import Package #8 'NetSNMP_Device.xml.gz'.
[2024-05-24 08:59:25] [          global always  ] Import of Package #8 'NetSNMP_Device.xml.gz' under Profile '3' succeeded
[2024-05-24 08:59:25] [          global always  ] About to import Package #9 'PING_Advanced_Ping.xml.gz'.
[2024-05-24 08:59:27] [          global always  ] Import of Package #9 'PING_Advanced_Ping.xml.gz' under Profile '3' succeeded
[2024-05-24 08:59:27] [          global always  ] About to import Package #10 'SNMP_Printer.xml.gz'.
[2024-05-24 08:59:34] [          global always  ] Import of Package #10 'SNMP_Printer.xml.gz' under Profile '3' succeeded
[2024-05-24 08:59:34] [          global always  ] About to import Package #11 'SNMP_UPS.xml.gz'.
[2024-05-24 08:59:37] [          global always  ] Import of Package #11 'SNMP_UPS.xml.gz' under Profile '3' succeeded
[2024-05-24 08:59:37] [          global always  ] About to import Package #12 'Synology_NAS.xml.gz'.
[2024-05-24 08:59:54] [          global always  ] Import of Package #12 'Synology_NAS.xml.gz' under Profile '3' succeeded
[2024-05-24 08:59:54] [          global always  ] About to import Package #13 'Windows_Device.xml.gz'.
[2024-05-24 09:00:01] [          global always  ] Import of Package #13 'Windows_Device.xml.gz' under Profile '3' succeeded
[2024-05-24 09:00:02] [          global always  ] Repairing Automation Rules
[2024-05-24 09:00:02] [          global always  ] Mapping Automation Template for Device Template 'Net-SNMP Device'
[2024-05-24 09:00:02] [          global always  ] Mapping Automation Template for Device Template 'Windows Device'
[2024-05-24 09:00:02] [          global always  ] Mapping Automation Template for Device Template 'Cisco Router'
[2024-05-24 09:00:02] [      automation always  ] Setting default data source profile to 1 Minute Collection (3)
[2024-05-24 09:00:02] [          global always  ] Updating automation network (1), mode "on" => "on", subnet "192.168.1.0/24" => 192.168.1.0/24"
[2024-05-24 09:00:02] [          global always  ] Device Template for First Cacti Device is 12
[2024-05-24 09:00:16] [          global always  ] Creating Graphs for Default Device
[2024-05-24 09:00:16] [          global always  ] Adding Device to Default Tree
[2024-05-24 09:00:16] [          global always  ] Repopulating poller cache
[2024-05-24 09:00:16] [          global always  ] Repopulating SNMP Agent cache
[2024-05-24 09:00:16] [          global always  ] Generating RSA Key Pair
[2024-05-24 09:00:17] [          global always  ] Finished INSTALL Process for v1.2.27
[2024-05-24 09:00:17] [            sync always  ] Found 0 poller(s) to sync
[2024-05-24 09:00:17] [            sync always  ] No Remote Data Collectors found for full synchronization
[2024-05-24 09:00:17] [          global always  ] Installation was started at 2024-05-24 01:58:19, completed at 2024-05-24 02:00:17
[2024-05-29 11:25:15] [       templates always  ] getDefaultTemplate(): Default Device Template is ''
[2024-05-29 11:25:15] [       templates always  ] getDefaultTemplate(): Default Device Template is ''
[2024-05-29 11:25:15] [       templates always  ] getDefaultTemplate(): Default Device Template is ''
[2024-05-29 11:25:15] [       templates always  ] getDefaultTemplate(): Default Device Template is ''
[2024-05-29 11:25:15] [       templates always  ] getDefaultTemplate(): Default Device Template is ''
[2024-05-29 11:25:15] [       templates always  ] getDefaultTemplate(): Default Device Template is ''
[2024-05-29 11:25:15] [        template always  ] setDefaultTemplate(): Device default template is ''
[2024-05-29 11:25:18] [       templates always  ] getDefaultTemplate(): Default Device Template is ''
[2024-05-29 11:25:18] [       templates always  ] getDefaultTemplate(): Default Device Template is ''
[2024-05-29 11:25:18] [       templates always  ] getDefaultTemplate(): Default Device Template is ''
[2024-05-29 11:25:18] [       templates always  ] getDefaultTemplate(): Default Device Template is ''
[2024-05-29 11:25:18] [       templates always  ] getDefaultTemplate(): Default Device Template is ''
[2024-05-29 11:25:18] [       templates always  ] getDefaultTemplate(): Default Device Template is ''
[2024-05-29 11:25:18] [        template always  ] setDefaultTemplate(): Device default template is ''
[2024-05-29 11:25:21] [       templates always  ] getDefaultTemplate(): Default Device Template is ''
[2024-05-29 11:25:21] [       templates always  ] getDefaultTemplate(): Default Device Template is ''
[2024-05-29 11:25:21] [       templates always  ] getDefaultTemplate(): Default Device Template is ''
[2024-05-29 11:25:21] [       templates always  ] getDefaultTemplate(): Default Device Template is ''
[2024-05-29 11:25:21] [       templates always  ] getDefaultTemplate(): Default Device Template is ''
[2024-05-29 11:25:21] [       templates always  ] getDefaultTemplate(): Default Device Template is ''
[2024-05-29 11:25:21] [        template always  ] setDefaultTemplate(): Device default template is ''
[2024-05-29 11:25:25] [       templates always  ] getDefaultTemplate(): Default Device Template is ''
[2024-05-29 11:25:25] [       templates always  ] getDefaultTemplate(): Default Device Template is ''
[2024-05-29 11:25:25] [       templates always  ] getDefaultTemplate(): Default Device Template is ''
[2024-05-29 11:25:25] [       templates always  ] getDefaultTemplate(): Default Device Template is ''
[2024-05-29 11:25:25] [       templates always  ] getDefaultTemplate(): Default Device Template is ''
[2024-05-29 11:25:25] [       templates always  ] getDefaultTemplate(): Default Device Template is ''
[2024-05-29 11:25:25] [        template always  ] setDefaultTemplate(): Device default template is ''
[2024-05-29 11:25:34] [       templates always  ] getDefaultTemplate(): Default Device Template is ''
[2024-05-29 11:25:34] [       templates always  ] getDefaultTemplate(): Default Device Template is ''
[2024-05-29 11:25:34] [       templates always  ] getDefaultTemplate(): Default Device Template is ''
[2024-05-29 11:25:34] [       templates always  ] getDefaultTemplate(): Default Device Template is ''
[2024-05-29 11:25:34] [       templates always  ] getDefaultTemplate(): Default Device Template is ''
[2024-05-29 11:25:34] [       templates always  ] getDefaultTemplate(): Default Device Template is ''
[2024-05-29 11:25:34] [        template always  ] setDefaultTemplate(): Device default template is ''
[2024-05-29 11:25:38] [       templates always  ] getDefaultTemplate(): Default Device Template is ''
[2024-05-29 11:25:38] [       templates always  ] getDefaultTemplate(): Default Device Template is ''
[2024-05-29 11:25:38] [       templates always  ] getDefaultTemplate(): Default Device Template is ''
[2024-05-29 11:25:38] [       templates always  ] getDefaultTemplate(): Default Device Template is ''
[2024-05-29 11:25:38] [       templates always  ] getDefaultTemplate(): Default Device Template is ''
[2024-05-29 11:25:38] [       templates always  ] getDefaultTemplate(): Default Device Template is ''
[2024-05-29 11:25:38] [        template always  ] setDefaultTemplate(): Device default template is ''
[2024-05-29 11:25:42] [       templates always  ] getDefaultTemplate(): Default Device Template is ''
[2024-05-29 11:25:42] [       templates always  ] getDefaultTemplate(): Default Device Template is ''
[2024-05-29 11:25:42] [       templates always  ] getDefaultTemplate(): Default Device Template is ''
[2024-05-29 11:25:42] [       templates always  ] getDefaultTemplate(): Default Device Template is ''
[2024-05-29 11:25:42] [       templates always  ] getDefaultTemplate(): Default Device Template is ''
[2024-05-29 11:25:42] [       templates always  ] getDefaultTemplate(): Default Device Template is ''
[2024-05-29 11:25:42] [        template always  ] setDefaultTemplate(): Device default template is ''
[2024-05-29 11:25:46] [       templates always  ] getDefaultTemplate(): Default Device Template is ''
[2024-05-29 11:25:46] [       templates always  ] getDefaultTemplate(): Default Device Template is ''
[2024-05-29 11:25:46] [       templates always  ] getDefaultTemplate(): Default Device Template is ''
[2024-05-29 11:25:46] [       templates always  ] getDefaultTemplate(): Default Device Template is ''
[2024-05-29 11:25:46] [       templates always  ] getDefaultTemplate(): Default Device Template is ''
[2024-05-29 11:25:46] [       templates always  ] getDefaultTemplate(): Default Device Template is ''
[2024-05-29 11:25:47] [        template always  ] setDefaultTemplate(): Device default template is ''
[2024-05-29 11:25:55] [       templates always  ] getDefaultTemplate(): Default Device Template is ''
[2024-05-29 11:25:55] [       templates always  ] getDefaultTemplate(): Default Device Template is ''
[2024-05-29 11:25:55] [       templates always  ] getDefaultTemplate(): Default Device Template is ''
[2024-05-29 11:25:55] [       templates always  ] getDefaultTemplate(): Default Device Template is ''
[2024-05-29 11:25:55] [       templates always  ] getDefaultTemplate(): Default Device Template is ''
[2024-05-29 11:25:55] [       templates always  ] getDefaultTemplate(): Default Device Template is ''
[2024-05-29 11:25:56] [        template always  ] setDefaultTemplate(): Device default template is ''
[2024-05-29 11:25:57] [       templates always  ] getDefaultTemplate(): Default Device Template is ''
[2024-05-29 11:25:57] [       templates always  ] getDefaultTemplate(): Default Device Template is ''
[2024-05-29 11:25:57] [       templates always  ] getDefaultTemplate(): Default Device Template is ''
[2024-05-29 11:25:57] [       templates always  ] getDefaultTemplate(): Default Device Template is ''
[2024-05-29 11:25:57] [       templates always  ] getDefaultTemplate(): Default Device Template is ''
[2024-05-29 11:25:57] [       templates always  ] getDefaultTemplate(): Default Device Template is ''
[2024-05-29 11:25:57] [        template always  ] setDefaultTemplate(): Device default template is ''
[2024-05-29 11:26:01] [       templates always  ] getDefaultTemplate(): Default Device Template is ''
[2024-05-29 11:26:01] [       templates always  ] getDefaultTemplate(): Default Device Template is ''
[2024-05-29 11:26:01] [       templates always  ] getDefaultTemplate(): Default Device Template is ''
[2024-05-29 11:26:01] [       templates always  ] getDefaultTemplate(): Default Device Template is ''
[2024-05-29 11:26:01] [       templates always  ] getDefaultTemplate(): Default Device Template is ''
[2024-05-29 11:26:01] [       templates always  ] getDefaultTemplate(): Default Device Template is ''
[2024-05-29 11:26:01] [        template always  ] setDefaultTemplate(): Device default template is ''
[2024-05-29 11:26:25] [       templates always  ] getDefaultTemplate(): Default Device Template is ''
[2024-05-29 11:26:25] [       templates always  ] getDefaultTemplate(): Default Device Template is ''
[2024-05-29 11:26:25] [       templates always  ] getDefaultTemplate(): Default Device Template is ''
[2024-05-29 11:26:25] [       templates always  ] getDefaultTemplate(): Default Device Template is ''
[2024-05-29 11:26:25] [       templates always  ] getDefaultTemplate(): Default Device Template is ''
[2024-05-29 11:26:25] [       templates always  ] getDefaultTemplate(): Default Device Template is ''
[2024-05-29 11:26:25] [        template always  ] setDefaultTemplate(): Device default template is ''
[2024-05-29 11:27:01] [       templates always  ] getDefaultTemplate(): Default Device Template is ''
[2024-05-29 11:27:01] [       templates always  ] getDefaultTemplate(): Default Device Template is ''
[2024-05-29 11:27:01] [       templates always  ] getDefaultTemplate(): Default Device Template is ''
[2024-05-29 11:27:01] [       templates always  ] getDefaultTemplate(): Default Device Template is ''
[2024-05-29 11:27:01] [       templates always  ] getDefaultTemplate(): Default Device Template is ''
[2024-05-29 11:27:01] [       templates always  ] getDefaultTemplate(): Default Device Template is ''
[2024-05-29 11:27:01] [        template always  ] setDefaultTemplate(): Device default template is ''
[2024-05-29 11:27:04] [       templates always  ] getDefaultTemplate(): Default Device Template is ''
[2024-05-29 11:27:04] [       templates always  ] getDefaultTemplate(): Default Device Template is ''
[2024-05-29 11:27:04] [       templates always  ] getDefaultTemplate(): Default Device Template is ''
[2024-05-29 11:27:04] [       templates always  ] getDefaultTemplate(): Default Device Template is ''
[2024-05-29 11:27:04] [       templates always  ] getDefaultTemplate(): Default Device Template is ''
[2024-05-29 11:27:05] [       templates always  ] getDefaultTemplate(): Default Device Template is ''
[2024-05-29 11:27:05] [        template always  ] setDefaultTemplate(): Device default template is ''
[2024-05-29 11:27:08] [       templates always  ] getDefaultTemplate(): Default Device Template is ''
[2024-05-29 11:27:08] [       templates always  ] getDefaultTemplate(): Default Device Template is ''
[2024-05-29 11:27:08] [       templates always  ] getDefaultTemplate(): Default Device Template is ''
[2024-05-29 11:27:08] [       templates always  ] getDefaultTemplate(): Default Device Template is ''
[2024-05-29 11:27:08] [       templates always  ] getDefaultTemplate(): Default Device Template is ''
[2024-05-29 11:27:08] [       templates always  ] getDefaultTemplate(): Default Device Template is ''
[2024-05-29 11:27:08] [        template always  ] setDefaultTemplate(): Device default template is ''
[2024-05-29 11:27:08] [          global always  ] Spawning background process: c:/xampp/php/php.exe "C:/xampp/htdocs/cacti/install/background.php" 1716956828.7833
[2024-05-29 11:27:09] [          global always  ] Setting PHP Option max_execution_time = 0
[2024-05-29 11:27:09] [          global always  ] Setting PHP Option memory_limit = -1
[2024-05-29 11:27:09] [       templates always  ] getDefaultTemplate(): Default Device Template is ''
[2024-05-29 11:27:09] [       templates always  ] getDefaultTemplate(): Default Device Template is ''
[2024-05-29 11:27:09] [       templates always  ] getDefaultTemplate(): Default Device Template is ''
[2024-05-29 11:27:09] [       templates always  ] getDefaultTemplate(): Default Device Template is ''
[2024-05-29 11:27:09] [       templates always  ] getDefaultTemplate(): Default Device Template is ''
[2024-05-29 11:27:09] [       templates always  ] getDefaultTemplate(): Default Device Template is ''
[2024-05-29 11:27:09] [        template always  ] setDefaultTemplate(): Device default template is ''
[2024-05-29 11:27:10] [          global always  ] Starting INSTALL Process for v1.2.27
[2024-05-29 11:27:10] [          global always  ] No tables where found or selected for conversion
[2024-05-29 11:27:10] [          global always  ] Found 13 templates to install
[2024-05-29 11:27:10] [          global always  ] About to import Package #1 'Apache_Webserver.xml.gz'.
[2024-05-29 11:27:13] [          global always  ] Import of Package #1 'Apache_Webserver.xml.gz' under Profile '3' succeeded
[2024-05-29 11:27:13] [          global always  ] About to import Package #2 'Cacti_Stats.xml.gz'.
[2024-05-29 11:27:23] [          global always  ] Import of Package #2 'Cacti_Stats.xml.gz' under Profile '3' succeeded
[2024-05-29 11:27:23] [          global always  ] About to import Package #3 'Cisco_Router.xml.gz'.
[2024-05-29 11:27:32] [          global always  ] Import of Package #3 'Cisco_Router.xml.gz' under Profile '3' succeeded
[2024-05-29 11:27:32] [          global always  ] About to import Package #4 'ESXi_Device.xml.gz'.
[2024-05-29 11:27:41] [          global always  ] Import of Package #4 'ESXi_Device.xml.gz' under Profile '3' succeeded
[2024-05-29 11:27:41] [          global always  ] About to import Package #5 'Fortigate.xml.gz'.
[2024-05-29 11:27:50] [          global always  ] Import of Package #5 'Fortigate.xml.gz' under Profile '3' succeeded
[2024-05-29 11:27:50] [          global always  ] About to import Package #6 'Generic_SNMP_Device.xml.gz'.
[2024-05-29 11:27:57] [          global always  ] Import of Package #6 'Generic_SNMP_Device.xml.gz' under Profile '3' succeeded
[2024-05-29 11:27:57] [          global always  ] About to import Package #7 'Local_Linux_Machine.xml.gz'.
[2024-05-29 11:27:59] [          global always  ] Import of Package #7 'Local_Linux_Machine.xml.gz' under Profile '3' succeeded
[2024-05-29 11:27:59] [          global always  ] About to import Package #8 'NetSNMP_Device.xml.gz'.
[2024-05-29 11:28:13] [          global always  ] Import of Package #8 'NetSNMP_Device.xml.gz' under Profile '3' succeeded
[2024-05-29 11:28:13] [          global always  ] About to import Package #9 'PING_Advanced_Ping.xml.gz'.
[2024-05-29 11:28:15] [          global always  ] Import of Package #9 'PING_Advanced_Ping.xml.gz' under Profile '3' succeeded
[2024-05-29 11:28:15] [          global always  ] About to import Package #10 'SNMP_Printer.xml.gz'.
[2024-05-29 11:28:21] [          global always  ] Import of Package #10 'SNMP_Printer.xml.gz' under Profile '3' succeeded
[2024-05-29 11:28:21] [          global always  ] About to import Package #11 'SNMP_UPS.xml.gz'.
[2024-05-29 11:28:25] [          global always  ] Import of Package #11 'SNMP_UPS.xml.gz' under Profile '3' succeeded
[2024-05-29 11:28:25] [          global always  ] About to import Package #12 'Synology_NAS.xml.gz'.
[2024-05-29 11:28:40] [          global always  ] Import of Package #12 'Synology_NAS.xml.gz' under Profile '3' succeeded
[2024-05-29 11:28:40] [          global always  ] About to import Package #13 'Windows_Device.xml.gz'.
[2024-05-29 11:28:48] [          global always  ] Import of Package #13 'Windows_Device.xml.gz' under Profile '3' succeeded
[2024-05-29 11:28:48] [          global always  ] Repairing Automation Rules
[2024-05-29 11:28:48] [          global always  ] Mapping Automation Template for Device Template 'Net-SNMP Device'
[2024-05-29 11:28:48] [          global always  ] Mapping Automation Template for Device Template 'Windows Device'
[2024-05-29 11:28:48] [          global always  ] Mapping Automation Template for Device Template 'Cisco Router'
[2024-05-29 11:28:48] [      automation always  ] Setting default data source profile to 1 Minute Collection (3)
[2024-05-29 11:28:48] [          global always  ] Updating automation network (1), mode "on" => "on", subnet "192.168.1.0/24" => 192.168.1.0/24"
[2024-05-29 11:28:48] [          global always  ] Adding extra snmp settings for automation
[2024-05-29 11:28:48] [          global always  ] Selecting Automation Option Set 1
[2024-05-29 11:28:48] [          global always  ] Updating Automation Option Set 1
[2024-05-29 11:28:48] [          global always  ] Successfully updated Automation Option Set 1
[2024-05-29 11:28:48] [          global always  ] Resequencing Automation Option Set 1
[2024-05-29 11:28:48] [          global always  ] Device Template for First Cacti Device is 12
[2024-05-29 11:29:02] [          global always  ] Creating Graphs for Default Device
[2024-05-29 11:29:02] [          global always  ] Adding Device to Default Tree
[2024-05-29 11:29:02] [          global always  ] Repopulating poller cache
[2024-05-29 11:29:02] [          global always  ] Repopulating SNMP Agent cache
[2024-05-29 11:29:03] [          global always  ] Generating RSA Key Pair
[2024-05-29 11:29:03] [          global always  ] Finished INSTALL Process for v1.2.27
[2024-05-29 11:29:03] [            sync always  ] Found 0 poller(s) to sync
[2024-05-29 11:29:03] [            sync always  ] No Remote Data Collectors found for full synchronization
[2024-05-29 11:29:03] [          global always  ] Installation was started at 2024-05-29 04:27:09, completed at 2024-05-29 04:29:03
